<?xml version="1.0" encoding="UTF-8"?>
<!-- Generated by org.testng.reporters.JUnitXMLReporter -->
<testsuite ignored="2" hostname="GNB1DEVLAA2" failures="3" tests="3"
	name="OrangeHRMMyInfo" time="0.012" errors="0"
	timestamp="2023-03-31T15:19:37 IST">
	<testcase classname="com.hyr.Tests.OrangeHRM" name="EnterLoginDetails"
		time="0.002">
		<failure type="java.lang.NullPointerException"
			message="Cannot invoke &amp;quot;org.openqa.selenium.WebDriver.findElement(org.openqa.selenium.By)&amp;quot; because &amp;quot;this.driver&amp;quot; is null">
      <![CDATA[java.lang.NullPointerException: Cannot invoke "org.openqa.selenium.WebDriver.findElement(org.openqa.selenium.By)" because "this.driver" is null
at com.hyr.Tests.OrangeHRM.EnterLoginDetails(OrangeHRM.java:24)
at java.base/java.util.ArrayList.forEach(ArrayList.java:1511)
... Removed 25 stack frames]]>
    </failure>
	</testcase> <!--
	EnterLoginDetails -->
	<testcase classname="com.hyr.Tests.OrangeHRM" name="NavigateToMyInfo"
		time="0.002">
		<failure type="java.lang.NullPointerException"
			message="Cannot invoke &amp;quot;org.openqa.selenium.WebDriver.findElement(org.openqa.selenium.By)&amp;quot; because &amp;quot;this.driver&amp;quot; is null">
      <![CDATA[java.lang.NullPointerException: Cannot invoke "org.openqa.selenium.WebDriver.findElement(org.openqa.selenium.By)" because "this.driver" is null
at com.hyr.Tests.OrangeHRM.NavigateToMyInfo(OrangeHRM.java:31)
at java.base/java.util.ArrayList.forEach(ArrayList.java:1511)
... Removed 25 stack frames]]>
    </failure>
	</testcase> <!--
	NavigateToMyInfo -->
	<testcase classname="com.hyr.Tests.OrangeHRM" name="VerifyMyInfo"
		time="0.001">
		<failure type="java.lang.NullPointerException"
			message="Cannot invoke &amp;quot;org.openqa.selenium.WebDriver.findElement(org.openqa.selenium.By)&amp;quot; because &amp;quot;this.driver&amp;quot; is null">
      <![CDATA[java.lang.NullPointerException: Cannot invoke "org.openqa.selenium.WebDriver.findElement(org.openqa.selenium.By)" because "this.driver" is null
at com.hyr.Tests.OrangeHRM.VerifyMyInfo(OrangeHRM.java:36)
at java.base/java.util.ArrayList.forEach(ArrayList.java:1511)
... Removed 25 stack frames]]>
    </failure>
	</testcase> <!--
	VerifyMyInfo -->
	<testcase classname="com.hyr.Tests.OrangeHRM" name="LunchApp" time="0.0">
		<ignored />
	</testcase> <!-- LunchApp -->
	<testcase classname="com.hyr.Tests.OrangeHRM" name="VerifyLogin" time="0.0">
		<ignored />
	</testcase> <!-- VerifyLogin -->
</testsuite> <!-- OrangeHRMMyInfo -->
